<?xml version="1.0" encoding="UTF-8"?>
<!-- Generated by org.testng.reporters.JUnitReportReporter -->
<testsuite hostname="LAPTOP-S37MMGUP" failures="0" tests="1" name="com.inetBanking.testCases.TC_LoginTest_001" time="6.365" errors="0" timestamp="2022-09-09T09:30:13 MST" skipped="0">
  <testcase classname="com.inetBanking.testCases.TC_LoginTest_001" name="loginTest" time="6.365"/>
  <system-out/>
</testsuite> <!-- com.inetBanking.testCases.TC_LoginTest_001 -->
